{}
{"id":"df1eac9403a3dd73122ab4c8af536f5a","user-agent":"Mozilla/5.0 (X11; Ubuntu; Linux x86_64; rv:88.0) Gecko/20100101 Firefox/88.0","accept":"text/html,application/xhtml+xml,application/xml;q=0.9,image/webp,*/*;q=0.8","accept-language":"en-US,en;q=0.5","accept-encoding":"gzip, deflate","visit-count":1,"last-visit":"2021-05-02T16:34:41.987Z"}
{"id":"df1eac9403a3dd73122ab4c8af536f5a","user-agent":"Mozilla/5.0 (X11; Ubuntu; Linux x86_64; rv:88.0) Gecko/20100101 Firefox/88.0","accept":"text/html,application/xhtml+xml,application/xml;q=0.9,image/webp,*/*;q=0.8","accept-language":"en-US,en;q=0.5","accept-encoding":"gzip, deflate","visit-count":2,"last-visit":"2021-05-02T16:34:58.483Z"}
{"id":"df1eac9403a3dd73122ab4c8af536f5a","user-agent":"Mozilla/5.0 (X11; Ubuntu; Linux x86_64; rv:88.0) Gecko/20100101 Firefox/88.0","accept":"text/html,application/xhtml+xml,application/xml;q=0.9,image/webp,*/*;q=0.8","accept-language":"en-US,en;q=0.5","accept-encoding":"gzip, deflate","visit-count":3,"last-visit":"2021-05-02T16:34:59.342Z"}
{"id":"df1eac9403a3dd73122ab4c8af536f5a","user-agent":"Mozilla/5.0 (X11; Ubuntu; Linux x86_64; rv:88.0) Gecko/20100101 Firefox/88.0","accept":"text/html,application/xhtml+xml,application/xml;q=0.9,image/webp,*/*;q=0.8","accept-language":"en-US,en;q=0.5","accept-encoding":"gzip, deflate","visit-count":4,"last-visit":"2021-05-02T16:35:00.213Z"}
{"id":"c898a81658e029cd6132f23d477e6862","user-agent":"Mozilla/5.0 (X11; Linux x86_64) AppleWebKit/537.36 (KHTML, like Gecko) Chrome/90.0.4430.93 Safari/537.36","accept":"text/html,application/xhtml+xml,application/xml;q=0.9,image/avif,image/webp,image/apng,*/*;q=0.8,application/signed-exchange;v=b3;q=0.9","accept-language":"en-US,en;q=0.9","accept-encoding":"gzip, deflate, br","visit-count":1,"last-visit":"2021-05-02T16:35:11.077Z"}
{"id":"c898a81658e029cd6132f23d477e6862","user-agent":"Mozilla/5.0 (X11; Linux x86_64) AppleWebKit/537.36 (KHTML, like Gecko) Chrome/90.0.4430.93 Safari/537.36","accept":"text/html,application/xhtml+xml,application/xml;q=0.9,image/avif,image/webp,image/apng,*/*;q=0.8,application/signed-exchange;v=b3;q=0.9","accept-language":"en-US,en;q=0.9","accept-encoding":"gzip, deflate, br","visit-count":2,"last-visit":"2021-05-02T16:35:20.692Z"}
{"id":"c898a81658e029cd6132f23d477e6862","user-agent":"Mozilla/5.0 (X11; Linux x86_64) AppleWebKit/537.36 (KHTML, like Gecko) Chrome/90.0.4430.93 Safari/537.36","accept":"text/html,application/xhtml+xml,application/xml;q=0.9,image/avif,image/webp,image/apng,*/*;q=0.8,application/signed-exchange;v=b3;q=0.9","accept-language":"en-US,en;q=0.9","accept-encoding":"gzip, deflate, br","visit-count":3,"last-visit":"2021-05-02T16:35:25.375Z"}
{"id":"845ad6d167deaa0f138a56cdc3fa0df6","user-agent":"curl/7.68.0","accept":"*/*","visit-count":1,"last-visit":"2021-05-02T16:35:35.917Z"}
{"id":"845ad6d167deaa0f138a56cdc3fa0df6","user-agent":"curl/7.68.0","accept":"*/*","visit-count":2,"last-visit":"2021-05-02T16:35:40.217Z"}
{"id":"845ad6d167deaa0f138a56cdc3fa0df6","user-agent":"curl/7.68.0","accept":"*/*","visit-count":3,"last-visit":"2021-05-02T16:35:46.032Z"}
{"id":"2678988e0f52c789ffc427b398599fd1","user-agent":"Googlebot","accept":"*/*","visit-count":1,"last-visit":"2021-05-02T16:36:00.071Z"}
{"id":"2678988e0f52c789ffc427b398599fd1","user-agent":"Googlebot","accept":"*/*","visit-count":2,"last-visit":"2021-05-02T16:36:09.242Z"}
{"id":"845ad6d167deaa0f138a56cdc3fa0df6","user-agent":"curl/7.68.0","accept":"*/*","visit-count":4,"last-visit":"2021-05-02T16:36:13.552Z"}
{"id":"2678988e0f52c789ffc427b398599fd1","user-agent":"Googlebot","accept":"*/*","visit-count":3,"last-visit":"2021-05-02T16:36:20.472Z"}
{"id":"9670503c3bd04c74a8139050d7ec6402","user-agent":"Mozilla/5.0 (iPhone; CPU iPhone OS 14_4_2 like Mac OS X) AppleWebKit/605.1.15 (KHTML, like Gecko) Version/14.0.3 Mobile/15E148 Safari/604.1","accept":"text/html,application/xhtml+xml,application/xml;q=0.9,*/*;q=0.8","accept-language":"en-us","accept-encoding":"gzip, deflate","visit-count":1,"last-visit":"2021-05-02T16:37:09.453Z"}
{"id":"9670503c3bd04c74a8139050d7ec6402","user-agent":"Mozilla/5.0 (iPhone; CPU iPhone OS 14_4_2 like Mac OS X) AppleWebKit/605.1.15 (KHTML, like Gecko) Version/14.0.3 Mobile/15E148 Safari/604.1","accept":"text/html,application/xhtml+xml,application/xml;q=0.9,*/*;q=0.8","accept-language":"en-us","accept-encoding":"gzip, deflate","visit-count":2,"last-visit":"2021-05-02T16:37:58.814Z"}
{"id":"9670503c3bd04c74a8139050d7ec6402","user-agent":"Mozilla/5.0 (iPhone; CPU iPhone OS 14_4_2 like Mac OS X) AppleWebKit/605.1.15 (KHTML, like Gecko) Version/14.0.3 Mobile/15E148 Safari/604.1","accept":"text/html,application/xhtml+xml,application/xml;q=0.9,*/*;q=0.8","accept-language":"en-us","accept-encoding":"gzip, deflate","visit-count":3,"last-visit":"2021-05-02T16:37:59.742Z"}
{"id":"9670503c3bd04c74a8139050d7ec6402","user-agent":"Mozilla/5.0 (iPhone; CPU iPhone OS 14_4_2 like Mac OS X) AppleWebKit/605.1.15 (KHTML, like Gecko) Version/14.0.3 Mobile/15E148 Safari/604.1","accept":"text/html,application/xhtml+xml,application/xml;q=0.9,*/*;q=0.8","accept-language":"en-us","accept-encoding":"gzip, deflate","visit-count":4,"last-visit":"2021-05-02T16:38:00.513Z"}
{"id":"9670503c3bd04c74a8139050d7ec6402","user-agent":"Mozilla/5.0 (iPhone; CPU iPhone OS 14_4_2 like Mac OS X) AppleWebKit/605.1.15 (KHTML, like Gecko) Version/14.0.3 Mobile/15E148 Safari/604.1","accept":"text/html,application/xhtml+xml,application/xml;q=0.9,*/*;q=0.8","accept-language":"en-us","accept-encoding":"gzip, deflate","visit-count":5,"last-visit":"2021-05-02T16:38:02.093Z"}
